<?xml version="1.0" encoding="UTF-8"?>
<!-- Generated by org.testng.reporters.JUnitXMLReporter -->
<testsuite ignored="0" hostname="Dhanush" failures="1" tests="1" name="Verify SignUp Otp Functionality" time="63.481" errors="0" timestamp="2024-01-03T19:43:34 IST">
  <testcase classname="com.Ottplay.testcases.VerifySignUpOtpFunctionality" name="VerifySignUpOtpFunctionality" time="56.45">
    <failure type="java.lang.AssertionError" message="The following asserts failed:
	Verify OTP button is not clickable expected [true] but found [false],
	Verify OTP button is clickable expected [true] but found [false],
	SMS button is clickable expected [false] but found [true],
	Call button is clickable expected [false] but found [true]">
      <![CDATA[java.lang.AssertionError: The following asserts failed:
Verify OTP button is not clickable expected [true] but found [false],
Verify OTP button is clickable expected [true] but found [false],
SMS button is clickable expected [false] but found [true],
Call button is clickable expected [false] but found [true]
at com.Ottplay.testcases.VerifySignUpOtpFunctionality.VerifySignUpOtpFunctionality(VerifySignUpOtpFunctionality.java:115)
at java.base/java.util.ArrayList.forEach(ArrayList.java:1596)
... Removed 27 stack frames]]>
    </failure>
  </testcase> <!-- VerifySignUpOtpFunctionality -->
</testsuite> <!-- Verify SignUp Otp Functionality -->
