<?xml version="1.0" encoding="UTF-8"?>
<testng-results ignored="0" total="1" passed="0" failed="1" skipped="0">
  <reporter-output>
  </reporter-output>
  <suite started-at="2024-01-03T19:42:30 IST" name="Suite" finished-at="2024-01-03T19:43:34 IST" duration-ms="63481">
    <groups>
    </groups>
    <test started-at="2024-01-03T19:42:30 IST" name="Verify SignUp Otp Functionality" finished-at="2024-01-03T19:43:34 IST" duration-ms="63481">
      <class name="com.Ottplay.testcases.VerifySignUpOtpFunctionality">
        <test-method is-config="true" signature="initialiseExtentReports()[pri:0, instance:com.Ottplay.testcases.VerifySignUpOtpFunctionality@2cb4893b]" started-at="2024-01-03T19:42:30 IST" name="initialiseExtentReports" finished-at="2024-01-03T19:42:30 IST" duration-ms="260" status="PASS">
          <reporter-output>
          </reporter-output>
        </test-method> <!-- initialiseExtentReports -->
        <test-method is-config="true" signature="setup(org.testng.ITestContext)[pri:0, instance:com.Ottplay.testcases.VerifySignUpOtpFunctionality@2cb4893b]" started-at="2024-01-03T19:42:30 IST" name="setup" finished-at="2024-01-03T19:42:37 IST" duration-ms="6626" status="PASS">
          <params>
            <param index="0">
              <value>
                <![CDATA[org.testng.TestRunner@1dad01fe]]>
              </value>
            </param>
          </params>
          <reporter-output>
          </reporter-output>
        </test-method> <!-- setup -->
        <test-method signature="VerifySignUpOtpFunctionality()[pri:0, instance:com.Ottplay.testcases.VerifySignUpOtpFunctionality@2cb4893b]" started-at="2024-01-03T19:42:37 IST" name="VerifySignUpOtpFunctionality" finished-at="2024-01-03T19:43:33 IST" duration-ms="56450" status="FAIL">
          <exception class="java.lang.AssertionError">
            <message>
              <![CDATA[The following asserts failed:
Verify OTP button is not clickable expected [true] but found [false],
Verify OTP button is clickable expected [true] but found [false],
SMS button is clickable expected [false] but found [true],
Call button is clickable expected [false] but found [true]]]>
            </message>
            <full-stacktrace>
              <![CDATA[java.lang.AssertionError: The following asserts failed:
Verify OTP button is not clickable expected [true] but found [false],
Verify OTP button is clickable expected [true] but found [false],
SMS button is clickable expected [false] but found [true],
Call button is clickable expected [false] but found [true]
at org.testng.asserts.SoftAssert.assertAll(SoftAssert.java:46)
at org.testng.asserts.SoftAssert.assertAll(SoftAssert.java:30)
at com.Ottplay.testcases.VerifySignUpOtpFunctionality.VerifySignUpOtpFunctionality(VerifySignUpOtpFunctionality.java:115)
at java.base/jdk.internal.reflect.DirectMethodHandleAccessor.invoke(DirectMethodHandleAccessor.java:103)
at java.base/java.lang.reflect.Method.invoke(Method.java:580)
at org.testng.internal.invokers.MethodInvocationHelper.invokeMethod(MethodInvocationHelper.java:139)
at org.testng.internal.invokers.TestInvoker.invokeMethod(TestInvoker.java:664)
at org.testng.internal.invokers.TestInvoker.invokeTestMethod(TestInvoker.java:227)
at org.testng.internal.invokers.MethodRunner.runInSequence(MethodRunner.java:50)
at org.testng.internal.invokers.TestInvoker$MethodInvocationAgent.invoke(TestInvoker.java:957)
at org.testng.internal.invokers.TestInvoker.invokeTestMethods(TestInvoker.java:200)
at org.testng.internal.invokers.TestMethodWorker.invokeTestMethods(TestMethodWorker.java:148)
at org.testng.internal.invokers.TestMethodWorker.run(TestMethodWorker.java:128)
at java.base/java.util.ArrayList.forEach(ArrayList.java:1596)
at org.testng.TestRunner.privateRun(TestRunner.java:848)
at org.testng.TestRunner.run(TestRunner.java:621)
at org.testng.SuiteRunner.runTest(SuiteRunner.java:443)
at org.testng.SuiteRunner.runSequentially(SuiteRunner.java:437)
at org.testng.SuiteRunner.privateRun(SuiteRunner.java:397)
at org.testng.SuiteRunner.run(SuiteRunner.java:336)
at org.testng.SuiteRunnerWorker.runSuite(SuiteRunnerWorker.java:52)
at org.testng.SuiteRunnerWorker.run(SuiteRunnerWorker.java:95)
at org.testng.TestNG.runSuitesSequentially(TestNG.java:1280)
at org.testng.TestNG.runSuitesLocally(TestNG.java:1200)
at org.testng.TestNG.runSuites(TestNG.java:1114)
at org.testng.TestNG.run(TestNG.java:1082)
at org.testng.remote.AbstractRemoteTestNG.run(AbstractRemoteTestNG.java:115)
at org.testng.remote.RemoteTestNG.initAndRun(RemoteTestNG.java:251)
at org.testng.remote.RemoteTestNG.main(RemoteTestNG.java:77)
]]>
            </full-stacktrace>
          </exception> <!-- java.lang.AssertionError -->
          <reporter-output>
          </reporter-output>
        </test-method> <!-- VerifySignUpOtpFunctionality -->
        <test-method is-config="true" signature="checkStatus(java.lang.reflect.Method,org.testng.ITestResult)[pri:0, instance:com.Ottplay.testcases.VerifySignUpOtpFunctionality@2cb4893b]" started-at="2024-01-03T19:43:33 IST" name="checkStatus" finished-at="2024-01-03T19:43:34 IST" duration-ms="200" status="PASS">
          <params>
            <param index="0">
              <value>
                <![CDATA[public void com.Ottplay.testcases.VerifySignUpOtpFunctionality.VerifySignUpOtpFunctionality() throws java.lang.Throwable]]>
              </value>
            </param>
            <param index="1">
              <value>
                <![CDATA[[TestResult name=VerifySignUpOtpFunctionality status=FAILURE method=VerifySignUpOtpFunctionality.VerifySignUpOtpFunctionality()[pri:0, instance:com.Ottplay.testcases.VerifySignUpOtpFunctionality@2cb4893b] output={null}]]]>
              </value>
            </param>
          </params>
          <reporter-output>
          </reporter-output>
        </test-method> <!-- checkStatus -->
        <test-method is-config="true" signature="teardown()[pri:0, instance:com.Ottplay.testcases.VerifySignUpOtpFunctionality@2cb4893b]" started-at="2024-01-03T19:43:34 IST" name="teardown" finished-at="2024-01-03T19:43:34 IST" duration-ms="176" status="PASS">
          <reporter-output>
          </reporter-output>
        </test-method> <!-- teardown -->
        <test-method is-config="true" signature="generateExtentReports()[pri:0, instance:com.Ottplay.testcases.VerifySignUpOtpFunctionality@2cb4893b]" started-at="2024-01-03T19:43:34 IST" name="generateExtentReports" finished-at="2024-01-03T19:43:35 IST" duration-ms="767" status="PASS">
          <reporter-output>
          </reporter-output>
        </test-method> <!-- generateExtentReports -->
      </class> <!-- com.Ottplay.testcases.VerifySignUpOtpFunctionality -->
    </test> <!-- Verify SignUp Otp Functionality -->
  </suite> <!-- Suite -->
</testng-results>
